Training for reg=0.000050
Train accuracy (%): 39.922753
Dev accuracy (%): 36.330609
Test accuracy (%): 36.923077
Training for reg=0.000400
Train accuracy (%): 39.887640
Dev accuracy (%): 36.421435
Test accuracy (%): 37.104072
Training for reg=0.003000
Train accuracy (%): 39.911049
Dev accuracy (%): 36.239782
Test accuracy (%): 37.013575
Training for reg=0.020000
Train accuracy (%): 39.852528
Dev accuracy (%): 36.693915
Test accuracy (%): 37.194570
Training for reg=0.100000
Train accuracy (%): 39.794007
Dev accuracy (%): 36.239782
Test accuracy (%): 37.149321
Training for reg=1.000000
Train accuracy (%): 39.524813
Dev accuracy (%): 36.603088
Test accuracy (%): 37.330317
Training for reg=10.000000
Train accuracy (%): 38.623596
Dev accuracy (%): 36.875568
Test accuracy (%): 37.692308
Training for reg=200.000000
Train accuracy (%): 35.042135
Dev accuracy (%): 34.059946
Test accuracy (%): 34.434389

=== Recap ===
Reg		Train	Dev	Test
5.00E-05	39.923	36.331	36.923
4.00E-04	39.888	36.421	37.104
3.00E-03	39.911	36.240	37.014
2.00E-02	39.853	36.694	37.195
1.00E-01	39.794	36.240	37.149
1.00E+00	39.525	36.603	37.330
1.00E+01	38.624	36.876	37.692
2.00E+02	35.042	34.060	34.434

Best regularization value: 1.00E+01
Test accuracy (%): 37.692308
